{"contracts/contracts/FundMe.sol":{"l":{"32":0,"33":0,"47":0,"48":0,"53":0,"58":0,"59":0,"63":0,"68":0,"69":0,"71":0,"74":0,"75":0,"79":0,"81":0,"86":0,"87":0,"89":0,"91":0,"92":0,"104":0,"108":0,"112":0,"116":0,"120":0},"path":"/home/xen/Desktop/code/hardhat-new/contracts/contracts/FundMe.sol","s":{"1":0,"2":0,"3":0,"4":0,"5":0,"6":0,"7":0,"8":0,"9":0,"10":0,"11":0,"12":0,"13":0,"14":0,"15":0,"16":0,"17":0},"b":{"1":[0,0],"2":[0,0],"3":[0,0],"4":[0,0],"5":[0,0],"6":[0,0]},"f":{"1":0,"2":0,"3":0,"4":0,"5":0,"6":0,"7":0,"8":0,"9":0,"10":0},"fnMap":{"1":{"name":"onlyOwner","line":30,"loc":{"start":{"line":30,"column":4},"end":{"line":34,"column":4}}},"2":{"name":"constructor","line":46,"loc":{"start":{"line":46,"column":4},"end":{"line":49,"column":4}}},"3":{"name":"fund","line":52,"loc":{"start":{"line":52,"column":4},"end":{"line":60,"column":4}}},"4":{"name":"withdraw","line":62,"loc":{"start":{"line":62,"column":4},"end":{"line":76,"column":4}}},"5":{"name":"cheaperWithdraw","line":78,"loc":{"start":{"line":78,"column":4},"end":{"line":93,"column":4}}},"6":{"name":"getAddressToAmountFunded","line":99,"loc":{"start":{"line":99,"column":4},"end":{"line":105,"column":4}}},"7":{"name":"getVersion","line":107,"loc":{"start":{"line":107,"column":4},"end":{"line":109,"column":4}}},"8":{"name":"getFunder","line":111,"loc":{"start":{"line":111,"column":4},"end":{"line":113,"column":4}}},"9":{"name":"getOwner","line":115,"loc":{"start":{"line":115,"column":4},"end":{"line":117,"column":4}}},"10":{"name":"getPriceFeed","line":119,"loc":{"start":{"line":119,"column":4},"end":{"line":121,"column":4}}}},"statementMap":{"1":{"start":{"line":32,"column":8},"end":{"line":32,"column":60}},"2":{"start":{"line":53,"column":8},"end":{"line":53,"column":1403}},"3":{"start":{"line":59,"column":8},"end":{"line":59,"column":33}},"4":{"start":{"line":63,"column":8},"end":{"line":63,"column":1797}},"5":{"start":{"line":68,"column":12},"end":{"line":68,"column":51}},"6":{"start":{"line":74,"column":8},"end":{"line":74,"column":73}},"7":{"start":{"line":75,"column":8},"end":{"line":75,"column":23}},"8":{"start":{"line":79,"column":8},"end":{"line":79,"column":44}},"9":{"start":{"line":81,"column":8},"end":{"line":81,"column":2431}},"10":{"start":{"line":86,"column":12},"end":{"line":86,"column":49}},"11":{"start":{"line":91,"column":8},"end":{"line":91,"column":73}},"12":{"start":{"line":92,"column":8},"end":{"line":92,"column":23}},"13":{"start":{"line":104,"column":8},"end":{"line":104,"column":54}},"14":{"start":{"line":108,"column":8},"end":{"line":108,"column":36}},"15":{"start":{"line":112,"column":8},"end":{"line":112,"column":31}},"16":{"start":{"line":116,"column":8},"end":{"line":116,"column":22}},"17":{"start":{"line":120,"column":8},"end":{"line":120,"column":26}}},"branchMap":{"1":{"line":32,"type":"if","locations":[{"start":{"line":32,"column":8},"end":{"line":32,"column":8}},{"start":{"line":32,"column":8},"end":{"line":32,"column":8}}]},"2":{"line":53,"type":"if","locations":[{"start":{"line":53,"column":8},"end":{"line":53,"column":8}},{"start":{"line":53,"column":8},"end":{"line":53,"column":8}}]},"3":{"line":62,"type":"if","locations":[{"start":{"line":62,"column":31},"end":{"line":62,"column":31}},{"start":{"line":62,"column":31},"end":{"line":62,"column":31}}]},"4":{"line":75,"type":"if","locations":[{"start":{"line":75,"column":8},"end":{"line":75,"column":8}},{"start":{"line":75,"column":8},"end":{"line":75,"column":8}}]},"5":{"line":78,"type":"if","locations":[{"start":{"line":78,"column":38},"end":{"line":78,"column":38}},{"start":{"line":78,"column":38},"end":{"line":78,"column":38}}]},"6":{"line":92,"type":"if","locations":[{"start":{"line":92,"column":8},"end":{"line":92,"column":8}},{"start":{"line":92,"column":8},"end":{"line":92,"column":8}}]}}},"contracts/contracts/PriceConverter.sol":{"l":{"13":0,"15":0,"26":0,"27":0,"31":0},"path":"/home/xen/Desktop/code/hardhat-new/contracts/contracts/PriceConverter.sol","s":{"1":0,"2":0,"3":0,"4":0,"5":0},"b":{},"f":{"1":0,"2":0},"fnMap":{"1":{"name":"getPrice","line":10,"loc":{"start":{"line":10,"column":4},"end":{"line":18,"column":4}}},"2":{"name":"getConversionRate","line":21,"loc":{"start":{"line":21,"column":4},"end":{"line":32,"column":4}}}},"statementMap":{"1":{"start":{"line":13,"column":8},"end":{"line":13,"column":61}},"2":{"start":{"line":15,"column":8},"end":{"line":15,"column":44}},"3":{"start":{"line":26,"column":8},"end":{"line":26,"column":46}},"4":{"start":{"line":27,"column":8},"end":{"line":27,"column":77}},"5":{"start":{"line":31,"column":8},"end":{"line":31,"column":29}}},"branchMap":{}},"contracts/contracts/test/MockV3Aggregator.sol":{"l":{},"path":"/home/xen/Desktop/code/hardhat-new/contracts/contracts/test/MockV3Aggregator.sol","s":{},"b":{},"f":{},"fnMap":{},"statementMap":{},"branchMap":{}}}