TN:
SF:/home/xen/Desktop/code/hardhat-new/contracts/contracts/FundMe.sol
FN:30,onlyOwner
FN:46,constructor
FN:52,fund
FN:62,withdraw
FN:78,cheaperWithdraw
FN:99,getAddressToAmountFunded
FN:107,getVersion
FN:111,getFunder
FN:115,getOwner
FN:119,getPriceFeed
FNF:10
FNH:0
FNDA:0,onlyOwner
FNDA:0,constructor
FNDA:0,fund
FNDA:0,withdraw
FNDA:0,cheaperWithdraw
FNDA:0,getAddressToAmountFunded
FNDA:0,getVersion
FNDA:0,getFunder
FNDA:0,getOwner
FNDA:0,getPriceFeed
DA:32,0
DA:33,0
DA:47,0
DA:48,0
DA:53,0
DA:58,0
DA:59,0
DA:63,0
DA:68,0
DA:69,0
DA:71,0
DA:74,0
DA:75,0
DA:79,0
DA:81,0
DA:86,0
DA:87,0
DA:89,0
DA:91,0
DA:92,0
DA:104,0
DA:108,0
DA:112,0
DA:116,0
DA:120,0
LF:25
LH:0
BRDA:32,1,0,0
BRDA:32,1,1,0
BRDA:53,2,0,0
BRDA:53,2,1,0
BRDA:62,3,0,0
BRDA:62,3,1,0
BRDA:75,4,0,0
BRDA:75,4,1,0
BRDA:78,5,0,0
BRDA:78,5,1,0
BRDA:92,6,0,0
BRDA:92,6,1,0
BRF:12
BRH:0
end_of_record
TN:
SF:/home/xen/Desktop/code/hardhat-new/contracts/contracts/PriceConverter.sol
FN:10,getPrice
FN:21,getConversionRate
FNF:2
FNH:0
FNDA:0,getPrice
FNDA:0,getConversionRate
DA:13,0
DA:15,0
DA:26,0
DA:27,0
DA:31,0
LF:5
LH:0
BRF:0
BRH:0
end_of_record
TN:
SF:/home/xen/Desktop/code/hardhat-new/contracts/contracts/test/MockV3Aggregator.sol
FNF:0
FNH:0
LF:0
LH:0
BRF:0
BRH:0
end_of_record
